c:\users\xiaox\desktop\school work\2017 fall sem\programming language\p1\skeletoninterfacemodule\skeletoninterfacemodule\myprogram\debug\vc120.pdb
c:\users\xiaox\desktop\school work\2017 fall sem\programming language\p2\skeletoninterfacemodule\myprogram\debug\vc120.pdb
c:\users\xiaox\desktop\school work\2017 fall sem\programming language\p2\p2\myprogram\debug\vc141.pdb
c:\users\xiaox\desktop\school work\2017 fall sem\programming language\p2\p2\myprogram\debug\vc141.idb
c:\users\xiaox\desktop\school work\2017 fall sem\programming language\p2\p2\myprogram\debug\interface.obj
c:\users\xiaox\desktop\school work\2017 fall sem\programming language\p2\p2\myprogram\debug\main.obj
c:\users\xiaox\desktop\school work\2017 fall sem\programming language\p2\p2\myprogram\debug\lexscanner.obj
c:\users\xiaox\desktop\school work\2017 fall sem\programming language\p1\skeletoninterfacemodule\skeletoninterfacemodule\debug\myprogram.ilk
c:\users\xiaox\desktop\school work\2017 fall sem\programming language\p1\skeletoninterfacemodule\skeletoninterfacemodule\debug\myprogram.exe
c:\users\xiaox\desktop\school work\2017 fall sem\programming language\p1\skeletoninterfacemodule\skeletoninterfacemodule\debug\myprogram.pdb
c:\users\xiaox\desktop\school work\2017 fall sem\programming language\p2\skeletoninterfacemodule\debug\myprogram.ilk
c:\users\xiaox\desktop\school work\2017 fall sem\programming language\p2\skeletoninterfacemodule\debug\myprogram.exe
c:\users\xiaox\desktop\school work\2017 fall sem\programming language\p2\skeletoninterfacemodule\debug\myprogram.pdb
c:\users\xiaox\desktop\school work\2017 fall sem\programming language\p2\p2\debug\myprogram.ilk
c:\users\xiaox\desktop\school work\2017 fall sem\programming language\p2\p2\debug\myprogram.exe
c:\users\xiaox\desktop\school work\2017 fall sem\programming language\p2\p2\debug\lnk{57003d94-c306-417e-a172-068929768c1c}.tmp
c:\users\xiaox\desktop\school work\2017 fall sem\programming language\p2\p2\debug\myprogram.pdb
c:\users\xiaox\desktop\school work\2017 fall sem\programming language\p2\p2\myprogram\debug\vc120.idb
c:\users\xiaox\desktop\school work\2017 fall sem\programming language\p2\p2\myprogram\debug\vc120.pdb
c:\users\xiaox\desktop\school work\2017 fall sem\programming language\p2\p2\myprogram\debug\myprogram.tlog\cl.command.1.tlog
c:\users\xiaox\desktop\school work\2017 fall sem\programming language\p2\p2\myprogram\debug\myprogram.tlog\cl.read.1.tlog
c:\users\xiaox\desktop\school work\2017 fall sem\programming language\p2\p2\myprogram\debug\myprogram.tlog\cl.write.1.tlog
c:\users\xiaox\desktop\school work\2017 fall sem\programming language\p2\p2\myprogram\debug\myprogram.tlog\link-cvtres.read.1.tlog
c:\users\xiaox\desktop\school work\2017 fall sem\programming language\p2\p2\myprogram\debug\myprogram.tlog\link-cvtres.write.1.tlog
c:\users\xiaox\desktop\school work\2017 fall sem\programming language\p2\p2\myprogram\debug\myprogram.tlog\link-rc.read.1.tlog
c:\users\xiaox\desktop\school work\2017 fall sem\programming language\p2\p2\myprogram\debug\myprogram.tlog\link-rc.write.1.tlog
c:\users\xiaox\desktop\school work\2017 fall sem\programming language\p2\p2\myprogram\debug\myprogram.tlog\link.1272-cvtres.read.1.tlog
c:\users\xiaox\desktop\school work\2017 fall sem\programming language\p2\p2\myprogram\debug\myprogram.tlog\link.1272-cvtres.write.1.tlog
c:\users\xiaox\desktop\school work\2017 fall sem\programming language\p2\p2\myprogram\debug\myprogram.tlog\link.1272-rc.read.1.tlog
c:\users\xiaox\desktop\school work\2017 fall sem\programming language\p2\p2\myprogram\debug\myprogram.tlog\link.1272-rc.write.1.tlog
c:\users\xiaox\desktop\school work\2017 fall sem\programming language\p2\p2\myprogram\debug\myprogram.tlog\link.1272.read.1.tlog
c:\users\xiaox\desktop\school work\2017 fall sem\programming language\p2\p2\myprogram\debug\myprogram.tlog\link.1272.write.1.tlog
c:\users\xiaox\desktop\school work\2017 fall sem\programming language\p2\p2\myprogram\debug\myprogram.tlog\link.command.1.tlog
c:\users\xiaox\desktop\school work\2017 fall sem\programming language\p2\p2\myprogram\debug\myprogram.tlog\link.delete.1.tlog
c:\users\xiaox\desktop\school work\2017 fall sem\programming language\p2\p2\myprogram\debug\myprogram.tlog\link.read.1.tlog
c:\users\xiaox\desktop\school work\2017 fall sem\programming language\p2\p2\myprogram\debug\myprogram.tlog\link.write.1.tlog
